<?xml version="1.0" encoding="UTF-8"?>
<!-- Generated by org.testng.reporters.JUnitXMLReporter -->
<testsuite hostname="cgoss-PC" ignored="0" name="Test" tests="1" failures="1" timestamp="19 Jan 2019 02:45:08 GMT" time="4.79" errors="0">
  <testcase name="tc01_addEmployeeNoDiscount" time="4.696" classname="paylocity.challenge.functional.AppTest">
    <failure type="org.openqa.selenium.NoSuchSessionException" message="no such session
  (Driver info: OperaDriver=2.29 (8403ff684671eab5c5d4e15ee702c893f9ecb10b),platform=Windows NT 6.1.7601 SP1 x86_64) (WARNING: The server did not provide any stacktrace information)
Command duration or timeout: 47 milliseconds
Build info: version: &amp;apos;3.3.1&amp;apos;, revision: &amp;apos;5234b325d5&amp;apos;, time: &amp;apos;2017-03-10 09:10:29 +0000&amp;apos;
System info: host: &amp;apos;CGOSS-PC&amp;apos;, ip: &amp;apos;192.168.0.3&amp;apos;, os.name: &amp;apos;Windows 7&amp;apos;, os.arch: &amp;apos;amd64&amp;apos;, os.version: &amp;apos;6.1&amp;apos;, java.version: &amp;apos;1.8.0_191&amp;apos;
Driver info: org.openqa.selenium.chrome.ChromeDriver
Capabilities [{message=unknown error: cannot find Opera binary
  (Driver info: OperaDriver=2.29 (8403ff684671eab5c5d4e15ee702c893f9ecb10b),platform=Windows NT 6.1.7601 SP1 x86_64), platform=ANY}]
Session ID: 8a09d7833176ad4f411393f9733005eb">
      <![CDATA[org.openqa.selenium.NoSuchSessionException: no such session
  (Driver info: OperaDriver=2.29 (8403ff684671eab5c5d4e15ee702c893f9ecb10b),platform=Windows NT 6.1.7601 SP1 x86_64) (WARNING: The server did not provide any stacktrace information)
Command duration or timeout: 47 milliseconds
Build info: version: '3.3.1', revision: '5234b325d5', time: '2017-03-10 09:10:29 +0000'
System info: host: 'CGOSS-PC', ip: '192.168.0.3', os.name: 'Windows 7', os.arch: 'amd64', os.version: '6.1', java.version: '1.8.0_191'
Driver info: org.openqa.selenium.chrome.ChromeDriver
Capabilities [{message=unknown error: cannot find Opera binary
  (Driver info: OperaDriver=2.29 (8403ff684671eab5c5d4e15ee702c893f9ecb10b),platform=Windows NT 6.1.7601 SP1 x86_64), platform=ANY}]
Session ID: 8a09d7833176ad4f411393f9733005eb
at org.openqa.selenium.remote.ErrorHandler.createThrowable(ErrorHandler.java:216)
at org.openqa.selenium.remote.ErrorHandler.throwIfResponseFailed(ErrorHandler.java:168)
at org.openqa.selenium.remote.RemoteWebDriver.execute(RemoteWebDriver.java:638)
at org.openqa.selenium.remote.RemoteWebDriver.get(RemoteWebDriver.java:325)
at org.openqa.selenium.remote.RemoteWebDriver$RemoteNavigation.to(RemoteWebDriver.java:915)
at paylocity.challenge.employee.App.login(App.java:50)
at paylocity.challenge.functional.AppTest.tc01_addEmployeeNoDiscount(AppTest.java:27)
... Removed 29 stack frames]]>
    </failure>
  </testcase> <!-- tc01_addEmployeeNoDiscount -->
</testsuite> <!-- Test -->
